2025-11-27 18:07:46,824 - INFO - SYSTEM: zaganjanje vseh komponent
2025-11-27 18:07:46,825 - INFO - ORCHESTRATOR: zagon niti
2025-11-27 18:07:46,825 - INFO - SCHEDULER: zagon niti
2025-11-27 18:07:46,825 - INFO - SIS_MONITOR: zaganjam proces: ['python3', '/media/4tb/Kameleon/cell/system/sis_fallback_monitor.py']
2025-11-27 18:07:46,826 - INFO - STATUS: Aktivne niti/procesi: ['ORCHESTRATOR', 'SCHEDULER', 'SIS_MONITOR'] | Neaktivne: []
2025-11-27 18:08:51,625 - INFO - SYSTEM: zaganjanje vseh komponent
2025-11-27 18:08:51,626 - INFO - ORCHESTRATOR: zagon niti
2025-11-27 18:08:51,626 - INFO - SCHEDULER: zagon niti
2025-11-27 18:08:51,626 - INFO - SIS_MONITOR: zaganjam proces: ['python3', '/media/4tb/Kameleon/cell/system/sis_fallback_monitor.py']
2025-11-27 18:08:51,627 - INFO - STATUS: Aktivne niti/procesi: ['ORCHESTRATOR', 'SCHEDULER', 'SIS_MONITOR'] | Neaktivne: []
2025-11-27 18:15:57,589 - INFO - SYSTEM: zaganjanje vseh komponent
2025-11-27 18:15:57,589 - INFO - ORCHESTRATOR: zagon niti
2025-11-27 18:15:57,589 - INFO - SCHEDULER: zagon niti
2025-11-27 18:15:57,589 - INFO - SIS_MONITOR: zaganjam proces: ['python3', '/media/4tb/Kameleon/cell/system/sis_fallback_monitor.py']
2025-11-27 18:15:57,590 - INFO - STATUS: Aktivne niti/procesi: ['ORCHESTRATOR', 'SCHEDULER', 'SIS_MONITOR'] | Neaktivne: []
2025-11-27 18:16:12,590 - WARNING - SIS_MONITOR: nit/proces padel, ponovno zaganjam...
2025-11-27 18:16:12,591 - INFO - SIS_MONITOR: zaganjam proces: ['python3', '/media/4tb/Kameleon/cell/system/sis_fallback_monitor.py']
2025-11-27 18:17:04,597 - INFO - SYSTEM: zaganjanje vseh komponent
2025-11-27 18:17:04,598 - INFO - ORCHESTRATOR: zagon niti
2025-11-27 18:17:04,598 - INFO - SCHEDULER: zagon niti
2025-11-27 18:17:04,598 - INFO - SIS_MONITOR: zaganjam proces: ['python3', '/media/4tb/Kameleon/cell/system/sis_fallback_monitor.py']
2025-11-27 18:17:04,598 - INFO - STATUS: Aktivne niti/procesi: ['ORCHESTRATOR', 'SCHEDULER', 'SIS_MONITOR'] | Neaktivne: []
2025-11-27 19:12:03,829 - INFO - SYSTEM: zaganjanje vseh komponent
2025-11-27 19:12:03,829 - INFO - ORCHESTRATOR: zagon niti
2025-11-27 19:12:03,829 - INFO - SCHEDULER: zagon niti
2025-11-27 19:12:03,829 - INFO - SIS_MONITOR: zaganjam proces: ['python3', '/media/4tb/Kameleon/cell/system/sis_fallback_monitor.py']
2025-11-27 19:12:03,830 - INFO - STATUS: Aktivne niti/procesi: ['ORCHESTRATOR', 'SCHEDULER', 'SIS_MONITOR'] | Neaktivne: []
2025-11-27 19:13:11,156 - INFO - SYSTEM: zaganjanje vseh komponent
2025-11-27 19:13:11,157 - INFO - ORCHESTRATOR: zagon niti
2025-11-27 19:13:11,157 - INFO - SCHEDULER: zagon niti
2025-11-27 19:13:11,157 - INFO - SIS_MONITOR: zaganjam proces: ['python3', '/media/4tb/Kameleon/cell/system/sis_fallback_monitor.py']
2025-11-27 19:13:11,158 - INFO - STATUS: Aktivne niti/procesi: ['ORCHESTRATOR', 'SCHEDULER', 'SIS_MONITOR'] | Neaktivne: []
2025-11-27 19:13:32,108 - WARNING - SIS_MONITOR: nit/proces padel, ponovno zaganjam...
2025-11-27 19:13:32,108 - INFO - SIS_MONITOR: zaganjam proces: ['python3', '/media/4tb/Kameleon/cell/system/sis_fallback_monitor.py']
